                                 Started job on |	Nov 28 15:24:05
                             Started mapping on |	Nov 28 15:27:25
                                    Finished on |	Nov 28 15:27:36
       Mapping speed, Million of reads per hour |	32.73

                          Number of input reads |	100000
                      Average input read length |	63
                                    UNIQUE READS:
                   Uniquely mapped reads number |	78224
                        Uniquely mapped reads % |	78.22%
                          Average mapped length |	62.44
                       Number of splices: Total |	5952
            Number of splices: Annotated (sjdb) |	5870
                       Number of splices: GT/AG |	5896
                       Number of splices: GC/AG |	21
                       Number of splices: AT/AC |	3
               Number of splices: Non-canonical |	32
                      Mismatch rate per base, % |	0.79%
                         Deletion rate per base |	0.01%
                        Deletion average length |	1.25
                        Insertion rate per base |	0.01%
                       Insertion average length |	1.13
                             MULTI-MAPPING READS:
        Number of reads mapped to multiple loci |	0
             % of reads mapped to multiple loci |	0.00%
        Number of reads mapped to too many loci |	16691
             % of reads mapped to too many loci |	16.69%
                                  UNMAPPED READS:
       % of reads unmapped: too many mismatches |	0.00%
                 % of reads unmapped: too short |	4.94%
                     % of reads unmapped: other |	0.15%
                                  CHIMERIC READS:
                       Number of chimeric reads |	0
                            % of chimeric reads |	0.00%
